0 info it worked if it ends with ok
1 verbose cli [ '/usr/bin/node', '/usr/bin/npm', 'publish' ]
2 info using npm@3.5.2
3 info using node@v8.10.0
4 verbose publish [ '.' ]
5 silly cache add args [ '.', null ]
6 verbose cache add spec .
7 silly cache add parsed spec Result {
7 silly cache add   raw: '.',
7 silly cache add   scope: null,
7 silly cache add   name: null,
7 silly cache add   rawSpec: '.',
7 silly cache add   spec: '/home/ismael4413/ismaelo',
7 silly cache add   type: 'directory' }
8 verbose addLocalDirectory /home/ismael4413/.npm/say_hello/1.0.0/package.tgz not in flight; packing
9 info lifecycle say_hello@1.0.0~prepublish: say_hello@1.0.0
10 silly lifecycle say_hello@1.0.0~prepublish: no script for prepublish, continuing
11 verbose tar pack [ '/home/ismael4413/.npm/say_hello/1.0.0/package.tgz',
11 verbose tar pack   '/home/ismael4413/ismaelo' ]
12 verbose tarball /home/ismael4413/.npm/say_hello/1.0.0/package.tgz
13 verbose folder /home/ismael4413/ismaelo
14 verbose addLocalTarball adding from inside cache /home/ismael4413/.npm/say_hello/1.0.0/package.tgz
15 silly cache afterAdd say_hello@1.0.0
16 verbose afterAdd /home/ismael4413/.npm/say_hello/1.0.0/package/package.json not in flight; writing
17 verbose afterAdd /home/ismael4413/.npm/say_hello/1.0.0/package/package.json written
18 silly publish { name: 'say_hello',
18 silly publish   version: '1.0.0',
18 silly publish   description: 'say hello when you enter your name',
18 silly publish   main: 'index.js',
18 silly publish   scripts: { test: 'echo "Error: no test specified" && exit 1' },
18 silly publish   keywords: [ 'hello', 'ismaelo', 'say' ],
18 silly publish   author: { name: 'Ismael_Ouedraogo' },
18 silly publish   license: 'ISC',
18 silly publish   dependencies:
18 silly publish    { eslint: '^6.1.0',
18 silly publish      lodash: '^4.17.15',
18 silly publish      mocha: '^6.2.0',
18 silly publish      react: '^16.8.6',
18 silly publish      redux: '^4.0.4' },
18 silly publish   readme: 'ERROR: No README data found!',
18 silly publish   _id: 'say_hello@1.0.0',
18 silly publish   _shasum: '26e3b124bfced0540eab90e016336cca46b907bb',
18 silly publish   _from: '.' }
19 verbose getPublishConfig undefined
20 silly mapToRegistry name say_hello
21 silly mapToRegistry using default registry
22 silly mapToRegistry registry https://registry.npmjs.org/
23 silly mapToRegistry uri https://registry.npmjs.org/say_hello
24 verbose publish registryBase https://registry.npmjs.org/
25 silly publish uploading /home/ismael4413/.npm/say_hello/1.0.0/package.tgz
26 verbose request uri https://registry.npmjs.org/say_hello
27 verbose request sending authorization for write operation
28 info attempt registry request try #1 at 3:42:40 PM
29 verbose request using bearer token for auth
30 verbose request id 1b207d67a102a89e
31 http request PUT https://registry.npmjs.org/say_hello
32 http 403 https://registry.npmjs.org/say_hello
33 verbose headers { date: 'Fri, 02 Aug 2019 19:43:54 GMT',
33 verbose headers   'content-type': 'application/json',
33 verbose headers   'transfer-encoding': 'chunked',
33 verbose headers   connection: 'keep-alive',
33 verbose headers   'set-cookie':
33 verbose headers    [ '__cfduid=d2e5f84cd686651e8af006fdc3863164c1564775034; expires=Sat, 01-Aug-20 19:43:54 GMT; path=/; domain=.npmjs.org; HttpOnly' ],
33 verbose headers   'cf-ray': '50028b1d28b27147-ORD',
33 verbose headers   'expect-ct': 'max-age=604800, report-uri="https://report-uri.cloudflare.com/cdn-cgi/beacon/expect-ct"',
33 verbose headers   vary: 'Accept-Encoding',
33 verbose headers   server: 'cloudflare',
33 verbose headers   'content-encoding': 'gzip' }
34 verbose request invalidating /home/ismael4413/.npm/registry.npmjs.org/say_hello on PUT
35 error publish Failed PUT 403
36 verbose stack Error: You do not have permission to publish "say_hello". Are you logged in as the correct user? : say_hello
36 verbose stack     at makeError (/usr/share/npm/node_modules/npm-registry-client/lib/request.js:264:12)
36 verbose stack     at CachingRegistryClient.<anonymous> (/usr/share/npm/node_modules/npm-registry-client/lib/request.js:252:14)
36 verbose stack     at /usr/share/npm/node_modules/npm-registry-client/lib/request.js:178:7
36 verbose stack     at Gunzip.onEnd (zlib.js:131:5)
36 verbose stack     at emitNone (events.js:111:20)
36 verbose stack     at Gunzip.emit (events.js:208:7)
36 verbose stack     at endReadableNT (_stream_readable.js:1064:12)
36 verbose stack     at _combinedTickCallback (internal/process/next_tick.js:138:11)
36 verbose stack     at process._tickCallback (internal/process/next_tick.js:180:9)
37 verbose statusCode 403
38 verbose pkgid say_hello
39 verbose cwd /home/ismael4413/ismaelo
40 error Linux 4.15.0-55-generic
41 error argv "/usr/bin/node" "/usr/bin/npm" "publish"
42 error node v8.10.0
43 error npm  v3.5.2
44 error code E403
45 error You do not have permission to publish "say_hello". Are you logged in as the correct user? : say_hello
46 error If you need help, you may report this error at:
46 error     <https://github.com/npm/npm/issues>
47 verbose exit [ 1, true ]
